flutter/build/app/intermediates/manifest_merge_blame_file/release/manifest-merger-blame-release-report.txt
1<?xml version="1.0" encoding="utf-8"?>
2<manifest xmlns:android="http://schemas.android.com/apk/res/android"
3    package="com.webbpulse.inventory.android"
4    android:versionCode="1"
5    android:versionName="1.0.2" >
6
7    <uses-sdk
8        android:minSdkVersion="21"
8-->src/main/AndroidManifest.xml
9        android:targetSdkVersion="34" />
9-->src/main/AndroidManifest.xml
10    package="com.webbpulse.inventory.android"
11    <!--
12         Required to query activities that can process text, see:
13         https://developer.android.com/training/package-visibility and
14         https://developer.android.com/reference/android/content/Intent#ACTION_PROCESS_TEXT.
15
16         In particular, this is used by the Flutter engine in io.flutter.plugin.text.ProcessTextPlugin.
17    -->
18    <queries>
18-->src/main/AndroidManifest.xml:40:5-45:15
19        <intent>
19-->src/main/AndroidManifest.xml:41:9-44:18
20            <action android:name="android.intent.action.PROCESS_TEXT" />
20-->src/main/AndroidManifest.xml:42:13-72
20-->src/main/AndroidManifest.xml:42:21-70
21
22            <data android:mimeType="text/plain" />
22-->src/main/AndroidManifest.xml:43:13-50
22-->src/main/AndroidManifest.xml:43:19-48
23        </intent>
24        <intent>
24-->[:file_picker] AndroidManifest.xml:14:9-18:18
25            <action android:name="android.intent.action.GET_CONTENT" />
25-->[:file_picker] AndroidManifest.xml:15:13-72
25-->[:file_picker] AndroidManifest.xml:15:21-69
26
27            <data android:mimeType="*/*" />
27-->src/main/AndroidManifest.xml:43:13-50
27-->src/main/AndroidManifest.xml:43:19-48
28        </intent>
29    </queries>
30
31    <uses-permission
31-->[:file_picker] AndroidManifest.xml:9:5-11:38
32        android:name="android.permission.READ_EXTERNAL_STORAGE"
32-->[:file_picker] AndroidManifest.xml:10:9-64
33        android:maxSdkVersion="32" />
33-->[:file_picker] AndroidManifest.xml:11:9-35
34    <uses-permission android:name="android.permission.INTERNET" />
34-->[:firebase_dynamic_links] AndroidManifest.xml:9:5-67
34-->[:firebase_dynamic_links] AndroidManifest.xml:9:22-64
35    <uses-permission android:name="android.permission.ACCESS_NETWORK_STATE" />
35-->[com.google.firebase:firebase-auth:22.3.1] AndroidManifest.xml:26:5-79
35-->[com.google.firebase:firebase-auth:22.3.1] AndroidManifest.xml:26:22-76
36    <uses-permission android:name="android.permission.WAKE_LOCK" /> <!-- Required by older versions of Google Play services to create IID tokens -->
36-->[com.google.firebase:firebase-iid:21.1.0] AndroidManifest.xml:24:5-68
36-->[com.google.firebase:firebase-iid:21.1.0] AndroidManifest.xml:24:22-65
37    <uses-permission android:name="com.google.android.c2dm.permission.RECEIVE" />
37-->[com.google.firebase:firebase-iid:21.1.0] AndroidManifest.xml:26:5-82
37-->[com.google.firebase:firebase-iid:21.1.0] AndroidManifest.xml:26:22-79
38    <uses-permission android:name="com.google.android.providers.gsf.permission.READ_GSERVICES" />
38-->[com.google.android.recaptcha:recaptcha:18.4.0] AndroidManifest.xml:9:5-98
38-->[com.google.android.recaptcha:recaptcha:18.4.0] AndroidManifest.xml:9:22-95
39
40    <permission
40-->[androidx.core:core:1.13.1] AndroidManifest.xml:22:5-24:47
41        android:name="com.webbpulse.inventory.android.DYNAMIC_RECEIVER_NOT_EXPORTED_PERMISSION"
41-->[androidx.core:core:1.13.1] AndroidManifest.xml:23:9-81
42        android:protectionLevel="signature" />
42-->[androidx.core:core:1.13.1] AndroidManifest.xml:24:9-44
43
44    <uses-permission android:name="com.webbpulse.inventory.android.DYNAMIC_RECEIVER_NOT_EXPORTED_PERMISSION" />
44-->[androidx.core:core:1.13.1] AndroidManifest.xml:26:5-97
44-->[androidx.core:core:1.13.1] AndroidManifest.xml:26:22-94
45
46    <application
47        android:name="android.app.Application"
47-->src/main/AndroidManifest.xml:5:9-42
48        android:appComponentFactory="androidx.core.app.CoreComponentFactory"
48-->[androidx.core:core:1.13.1] AndroidManifest.xml:28:18-86
49        android:icon="@mipmap/launcher_icon"
49-->src/main/AndroidManifest.xml:6:9-45
50        android:label="Webbpulse Inventory Management" >
50-->src/main/AndroidManifest.xml:4:9-55
51        <activity
51-->src/main/AndroidManifest.xml:7:9-28:20
52            android:name="com.webbpulse.inventory.android.MainActivity"
52-->src/main/AndroidManifest.xml:8:13-41
53            android:configChanges="orientation|keyboardHidden|keyboard|screenSize|smallestScreenSize|locale|layoutDirection|fontScale|screenLayout|density|uiMode"
53-->src/main/AndroidManifest.xml:13:13-163
54            android:exported="true"
54-->src/main/AndroidManifest.xml:9:13-36
55            android:hardwareAccelerated="true"
55-->src/main/AndroidManifest.xml:14:13-47
56            android:launchMode="singleTop"
56-->src/main/AndroidManifest.xml:10:13-43
57            android:taskAffinity=""
57-->src/main/AndroidManifest.xml:11:13-36
58            android:theme="@style/LaunchTheme"
58-->src/main/AndroidManifest.xml:12:13-47
59            android:windowSoftInputMode="adjustResize" >
59-->src/main/AndroidManifest.xml:15:13-55
60
61            <!--
62                 Specifies an Android theme to apply to this Activity as soon as
63                 the Android process has started. This theme is visible to the user
64                 while the Flutter UI initializes. After that, this theme continues
65                 to determine the Window background behind the Flutter UI.
66            -->
67            <meta-data
67-->src/main/AndroidManifest.xml:20:13-23:17
68                android:name="io.flutter.embedding.android.NormalTheme"
68-->src/main/AndroidManifest.xml:21:15-70
69                android:resource="@style/NormalTheme" />
69-->src/main/AndroidManifest.xml:22:15-52
70
71            <intent-filter>
71-->src/main/AndroidManifest.xml:24:13-27:29
72                <action android:name="android.intent.action.MAIN" />
72-->src/main/AndroidManifest.xml:25:17-68
72-->src/main/AndroidManifest.xml:25:25-66
73
74                <category android:name="android.intent.category.LAUNCHER" />
74-->src/main/AndroidManifest.xml:26:17-76
74-->src/main/AndroidManifest.xml:26:27-74
75            </intent-filter>
76        </activity>
77        <!--
78             Don't delete the meta-data below.
79             This is used by the Flutter tool to generate GeneratedPluginRegistrant.java
80        -->
81        <meta-data
81-->src/main/AndroidManifest.xml:31:9-33:33
82            android:name="flutterEmbedding"
82-->src/main/AndroidManifest.xml:32:13-44
83            android:value="2" />
83-->src/main/AndroidManifest.xml:33:13-30
84
85        <service
85-->[:cloud_firestore] AndroidManifest.xml:10:9-14:19
86            android:name="com.google.firebase.components.ComponentDiscoveryService"
86-->[:cloud_firestore] AndroidManifest.xml:10:18-89
87            android:directBootAware="true"
87-->[com.google.firebase:firebase-common:20.4.3] AndroidManifest.xml:32:13-43
88            android:exported="false" >
88-->[com.google.firebase:firebase-functions:20.4.0] AndroidManifest.xml:14:13-37
89            <meta-data
89-->[:cloud_firestore] AndroidManifest.xml:11:13-13:85
90                android:name="com.google.firebase.components:io.flutter.plugins.firebase.firestore.FlutterFirebaseFirestoreRegistrar"
90-->[:cloud_firestore] AndroidManifest.xml:12:17-134
91                android:value="com.google.firebase.components.ComponentRegistrar" />
91-->[:cloud_firestore] AndroidManifest.xml:13:17-82
92            <meta-data
92-->[:cloud_functions] AndroidManifest.xml:11:13-13:85
93                android:name="com.google.firebase.components:io.flutter.plugins.firebase.functions.FlutterFirebaseAppRegistrar"
93-->[:cloud_functions] AndroidManifest.xml:12:17-128
94                android:value="com.google.firebase.components.ComponentRegistrar" />
94-->[:cloud_functions] AndroidManifest.xml:13:17-82
95            <meta-data
95-->[:firebase_auth] AndroidManifest.xml:11:13-13:85
96                android:name="com.google.firebase.components:io.flutter.plugins.firebase.auth.FlutterFirebaseAuthRegistrar"
96-->[:firebase_auth] AndroidManifest.xml:12:17-124
97                android:value="com.google.firebase.components.ComponentRegistrar" />
97-->[:firebase_auth] AndroidManifest.xml:13:17-82
98            <meta-data
98-->[:firebase_dynamic_links] AndroidManifest.xml:13:13-15:85
99                android:name="com.google.firebase.components:io.flutter.plugins.firebase.dynamiclinks.FlutterFirebaseAppRegistrar"
99-->[:firebase_dynamic_links] AndroidManifest.xml:14:17-131
100                android:value="com.google.firebase.components.ComponentRegistrar" />
100-->[:firebase_dynamic_links] AndroidManifest.xml:15:17-82
101            <meta-data
101-->[:firebase_core] AndroidManifest.xml:11:13-13:85
102                android:name="com.google.firebase.components:io.flutter.plugins.firebase.core.FlutterFirebaseCoreRegistrar"
102-->[:firebase_core] AndroidManifest.xml:12:17-124
103                android:value="com.google.firebase.components.ComponentRegistrar" />
103-->[:firebase_core] AndroidManifest.xml:13:17-82
104            <meta-data
104-->[com.google.firebase:firebase-functions:20.4.0] AndroidManifest.xml:15:13-17:85
105                android:name="com.google.firebase.components:com.google.firebase.functions.FirebaseFunctionsKtxRegistrar"
105-->[com.google.firebase:firebase-functions:20.4.0] AndroidManifest.xml:16:17-122
106                android:value="com.google.firebase.components.ComponentRegistrar" />
106-->[com.google.firebase:firebase-functions:20.4.0] AndroidManifest.xml:17:17-82
107            <meta-data
107-->[com.google.firebase:firebase-functions:20.4.0] AndroidManifest.xml:18:13-20:85
108                android:name="com.google.firebase.components:com.google.firebase.functions.FunctionsRegistrar"
108-->[com.google.firebase:firebase-functions:20.4.0] AndroidManifest.xml:19:17-111
109                android:value="com.google.firebase.components.ComponentRegistrar" />
109-->[com.google.firebase:firebase-functions:20.4.0] AndroidManifest.xml:20:17-82
110            <meta-data
110-->[com.google.firebase:firebase-auth:22.3.1] AndroidManifest.xml:69:13-71:85
111                android:name="com.google.firebase.components:com.google.firebase.auth.FirebaseAuthRegistrar"
111-->[com.google.firebase:firebase-auth:22.3.1] AndroidManifest.xml:70:17-109
112                android:value="com.google.firebase.components.ComponentRegistrar" />
112-->[com.google.firebase:firebase-auth:22.3.1] AndroidManifest.xml:71:17-82
113            <meta-data
113-->[com.google.firebase:firebase-firestore:24.11.0] AndroidManifest.xml:17:13-19:85
114                android:name="com.google.firebase.components:com.google.firebase.firestore.FirebaseFirestoreKtxRegistrar"
114-->[com.google.firebase:firebase-firestore:24.11.0] AndroidManifest.xml:18:17-122
115                android:value="com.google.firebase.components.ComponentRegistrar" />
115-->[com.google.firebase:firebase-firestore:24.11.0] AndroidManifest.xml:19:17-82
116            <meta-data
116-->[com.google.firebase:firebase-firestore:24.11.0] AndroidManifest.xml:20:13-22:85
117                android:name="com.google.firebase.components:com.google.firebase.firestore.FirestoreRegistrar"
117-->[com.google.firebase:firebase-firestore:24.11.0] AndroidManifest.xml:21:17-111
118                android:value="com.google.firebase.components.ComponentRegistrar" />
118-->[com.google.firebase:firebase-firestore:24.11.0] AndroidManifest.xml:22:17-82
119            <meta-data
119-->[com.google.firebase:firebase-dynamic-links:21.2.0] AndroidManifest.xml:24:13-26:85
120                android:name="com.google.firebase.components:com.google.firebase.dynamiclinks.FirebaseDynamicLinksKtxRegistrar"
120-->[com.google.firebase:firebase-dynamic-links:21.2.0] AndroidManifest.xml:25:17-128
121                android:value="com.google.firebase.components.ComponentRegistrar" />
121-->[com.google.firebase:firebase-dynamic-links:21.2.0] AndroidManifest.xml:26:17-82
122            <meta-data
122-->[com.google.firebase:firebase-dynamic-links:21.2.0] AndroidManifest.xml:27:13-29:85
123                android:name="com.google.firebase.components:com.google.firebase.dynamiclinks.internal.FirebaseDynamicLinkRegistrar"
123-->[com.google.firebase:firebase-dynamic-links:21.2.0] AndroidManifest.xml:28:17-133
124                android:value="com.google.firebase.components.ComponentRegistrar" />
124-->[com.google.firebase:firebase-dynamic-links:21.2.0] AndroidManifest.xml:29:17-82
125            <meta-data
125-->[com.google.firebase:firebase-iid:21.1.0] AndroidManifest.xml:32:13-34:85
126                android:name="com.google.firebase.components:com.google.firebase.iid.Registrar"
126-->[com.google.firebase:firebase-iid:21.1.0] AndroidManifest.xml:33:17-96
127                android:value="com.google.firebase.components.ComponentRegistrar" />
127-->[com.google.firebase:firebase-iid:21.1.0] AndroidManifest.xml:34:17-82
128            <meta-data
128-->[com.google.firebase:firebase-installations:17.2.0] AndroidManifest.xml:15:13-17:85
129                android:name="com.google.firebase.components:com.google.firebase.installations.FirebaseInstallationsKtxRegistrar"
129-->[com.google.firebase:firebase-installations:17.2.0] AndroidManifest.xml:16:17-130
130                android:value="com.google.firebase.components.ComponentRegistrar" />
130-->[com.google.firebase:firebase-installations:17.2.0] AndroidManifest.xml:17:17-82
131            <meta-data
131-->[com.google.firebase:firebase-installations:17.2.0] AndroidManifest.xml:18:13-20:85
132                android:name="com.google.firebase.components:com.google.firebase.installations.FirebaseInstallationsRegistrar"
132-->[com.google.firebase:firebase-installations:17.2.0] AndroidManifest.xml:19:17-127
133                android:value="com.google.firebase.components.ComponentRegistrar" />
133-->[com.google.firebase:firebase-installations:17.2.0] AndroidManifest.xml:20:17-82
134            <meta-data
134-->[com.google.firebase:firebase-common-ktx:20.4.3] AndroidManifest.xml:12:13-14:85
135                android:name="com.google.firebase.components:com.google.firebase.ktx.FirebaseCommonLegacyRegistrar"
135-->[com.google.firebase:firebase-common-ktx:20.4.3] AndroidManifest.xml:13:17-116
136                android:value="com.google.firebase.components.ComponentRegistrar" />
136-->[com.google.firebase:firebase-common-ktx:20.4.3] AndroidManifest.xml:14:17-82
137            <meta-data
137-->[com.google.firebase:firebase-common:20.4.3] AndroidManifest.xml:35:13-37:85
138                android:name="com.google.firebase.components:com.google.firebase.FirebaseCommonKtxRegistrar"
138-->[com.google.firebase:firebase-common:20.4.3] AndroidManifest.xml:36:17-109
139                android:value="com.google.firebase.components.ComponentRegistrar" />
139-->[com.google.firebase:firebase-common:20.4.3] AndroidManifest.xml:37:17-82
140        </service>
141
142        <activity
142-->[com.google.firebase:firebase-auth:22.3.1] AndroidManifest.xml:29:9-46:20
143            android:name="com.google.firebase.auth.internal.GenericIdpActivity"
143-->[com.google.firebase:firebase-auth:22.3.1] AndroidManifest.xml:30:13-80
144            android:excludeFromRecents="true"
144-->[com.google.firebase:firebase-auth:22.3.1] AndroidManifest.xml:31:13-46
145            android:exported="true"
145-->[com.google.firebase:firebase-auth:22.3.1] AndroidManifest.xml:32:13-36
146            android:launchMode="singleTask"
146-->[com.google.firebase:firebase-auth:22.3.1] AndroidManifest.xml:33:13-44
147            android:theme="@android:style/Theme.Translucent.NoTitleBar" >
147-->[com.google.firebase:firebase-auth:22.3.1] AndroidManifest.xml:34:13-72
148            <intent-filter>
148-->[com.google.firebase:firebase-auth:22.3.1] AndroidManifest.xml:35:13-45:29
149                <action android:name="android.intent.action.VIEW" />
149-->[com.google.firebase:firebase-auth:22.3.1] AndroidManifest.xml:36:17-69
149-->[com.google.firebase:firebase-auth:22.3.1] AndroidManifest.xml:36:25-66
150
151                <category android:name="android.intent.category.DEFAULT" />
151-->[com.google.firebase:firebase-auth:22.3.1] AndroidManifest.xml:38:17-76
151-->[com.google.firebase:firebase-auth:22.3.1] AndroidManifest.xml:38:27-73
152                <category android:name="android.intent.category.BROWSABLE" />
152-->[com.google.firebase:firebase-auth:22.3.1] AndroidManifest.xml:39:17-78
152-->[com.google.firebase:firebase-auth:22.3.1] AndroidManifest.xml:39:27-75
153
154                <data
154-->src/main/AndroidManifest.xml:43:13-50
155                    android:host="firebase.auth"
156                    android:path="/"
157                    android:scheme="genericidp" />
158            </intent-filter>
159        </activity>
160        <activity
160-->[com.google.firebase:firebase-auth:22.3.1] AndroidManifest.xml:47:9-64:20
161            android:name="com.google.firebase.auth.internal.RecaptchaActivity"
161-->[com.google.firebase:firebase-auth:22.3.1] AndroidManifest.xml:48:13-79
162            android:excludeFromRecents="true"
162-->[com.google.firebase:firebase-auth:22.3.1] AndroidManifest.xml:49:13-46
163            android:exported="true"
163-->[com.google.firebase:firebase-auth:22.3.1] AndroidManifest.xml:50:13-36
164            android:launchMode="singleTask"
164-->[com.google.firebase:firebase-auth:22.3.1] AndroidManifest.xml:51:13-44
165            android:theme="@android:style/Theme.Translucent.NoTitleBar" >
165-->[com.google.firebase:firebase-auth:22.3.1] AndroidManifest.xml:52:13-72
166            <intent-filter>
166-->[com.google.firebase:firebase-auth:22.3.1] AndroidManifest.xml:53:13-63:29
167                <action android:name="android.intent.action.VIEW" />
167-->[com.google.firebase:firebase-auth:22.3.1] AndroidManifest.xml:36:17-69
167-->[com.google.firebase:firebase-auth:22.3.1] AndroidManifest.xml:36:25-66
168
169                <category android:name="android.intent.category.DEFAULT" />
169-->[com.google.firebase:firebase-auth:22.3.1] AndroidManifest.xml:38:17-76
169-->[com.google.firebase:firebase-auth:22.3.1] AndroidManifest.xml:38:27-73
170                <category android:name="android.intent.category.BROWSABLE" />
170-->[com.google.firebase:firebase-auth:22.3.1] AndroidManifest.xml:39:17-78
170-->[com.google.firebase:firebase-auth:22.3.1] AndroidManifest.xml:39:27-75
171
172                <data
172-->src/main/AndroidManifest.xml:43:13-50
173                    android:host="firebase.auth"
174                    android:path="/"
175                    android:scheme="recaptcha" />
176            </intent-filter>
177        </activity>
178
179        <uses-library
179-->[androidx.window:window:1.2.0] AndroidManifest.xml:23:9-25:40
180            android:name="androidx.window.extensions"
180-->[androidx.window:window:1.2.0] AndroidManifest.xml:24:13-54
181            android:required="false" />
181-->[androidx.window:window:1.2.0] AndroidManifest.xml:25:13-37
182        <uses-library
182-->[androidx.window:window:1.2.0] AndroidManifest.xml:26:9-28:40
183            android:name="androidx.window.sidecar"
183-->[androidx.window:window:1.2.0] AndroidManifest.xml:27:13-51
184            android:required="false" />
184-->[androidx.window:window:1.2.0] AndroidManifest.xml:28:13-37
185
186        <activity
186-->[com.google.android.gms:play-services-auth:21.0.0] AndroidManifest.xml:23:9-27:75
187            android:name="com.google.android.gms.auth.api.signin.internal.SignInHubActivity"
187-->[com.google.android.gms:play-services-auth:21.0.0] AndroidManifest.xml:24:13-93
188            android:excludeFromRecents="true"
188-->[com.google.android.gms:play-services-auth:21.0.0] AndroidManifest.xml:25:13-46
189            android:exported="false"
189-->[com.google.android.gms:play-services-auth:21.0.0] AndroidManifest.xml:26:13-37
190            android:theme="@android:style/Theme.Translucent.NoTitleBar" />
190-->[com.google.android.gms:play-services-auth:21.0.0] AndroidManifest.xml:27:13-72
191        <!--
192            Service handling Google Sign-In user revocation. For apps that do not integrate with
193            Google Sign-In, this service will never be started.
194        -->
195        <service
195-->[com.google.android.gms:play-services-auth:21.0.0] AndroidManifest.xml:33:9-37:51
196            android:name="com.google.android.gms.auth.api.signin.RevocationBoundService"
196-->[com.google.android.gms:play-services-auth:21.0.0] AndroidManifest.xml:34:13-89
197            android:exported="true"
197-->[com.google.android.gms:play-services-auth:21.0.0] AndroidManifest.xml:35:13-36
198            android:permission="com.google.android.gms.auth.api.signin.permission.REVOCATION_NOTIFICATION"
198-->[com.google.android.gms:play-services-auth:21.0.0] AndroidManifest.xml:36:13-107
199            android:visibleToInstantApps="true" />
199-->[com.google.android.gms:play-services-auth:21.0.0] AndroidManifest.xml:37:13-48
200
201        <activity
201-->[com.google.android.gms:play-services-base:18.1.0] AndroidManifest.xml:20:9-22:45
202            android:name="com.google.android.gms.common.api.GoogleApiActivity"
202-->[com.google.android.gms:play-services-base:18.1.0] AndroidManifest.xml:20:19-85
203            android:exported="false"
203-->[com.google.android.gms:play-services-base:18.1.0] AndroidManifest.xml:22:19-43
204            android:theme="@android:style/Theme.Translucent.NoTitleBar" />
204-->[com.google.android.gms:play-services-base:18.1.0] AndroidManifest.xml:21:19-78
205
206        <provider
206-->[com.google.firebase:firebase-common:20.4.3] AndroidManifest.xml:23:9-28:39
207            android:name="com.google.firebase.provider.FirebaseInitProvider"
207-->[com.google.firebase:firebase-common:20.4.3] AndroidManifest.xml:24:13-77
208            android:authorities="com.webbpulse.inventory.android.firebaseinitprovider"
208-->[com.google.firebase:firebase-common:20.4.3] AndroidManifest.xml:25:13-72
209            android:directBootAware="true"
209-->[com.google.firebase:firebase-common:20.4.3] AndroidManifest.xml:26:13-43
210            android:exported="false"
210-->[com.google.firebase:firebase-common:20.4.3] AndroidManifest.xml:27:13-37
211            android:initOrder="100" />
211-->[com.google.firebase:firebase-common:20.4.3] AndroidManifest.xml:28:13-36
212
213        <meta-data
213-->[com.google.android.gms:play-services-basement:18.3.0] AndroidManifest.xml:21:9-23:69
214            android:name="com.google.android.gms.version"
214-->[com.google.android.gms:play-services-basement:18.3.0] AndroidManifest.xml:22:13-58
215            android:value="@integer/google_play_services_version" />
215-->[com.google.android.gms:play-services-basement:18.3.0] AndroidManifest.xml:23:13-66
216
217        <provider
217-->[androidx.lifecycle:lifecycle-process:2.7.0] AndroidManifest.xml:24:9-32:20
218            android:name="androidx.startup.InitializationProvider"
218-->[androidx.lifecycle:lifecycle-process:2.7.0] AndroidManifest.xml:25:13-67
219            android:authorities="com.webbpulse.inventory.android.androidx-startup"
219-->[androidx.lifecycle:lifecycle-process:2.7.0] AndroidManifest.xml:26:13-68
220            android:exported="false" >
220-->[androidx.lifecycle:lifecycle-process:2.7.0] AndroidManifest.xml:27:13-37
221            <meta-data
221-->[androidx.lifecycle:lifecycle-process:2.7.0] AndroidManifest.xml:29:13-31:52
222                android:name="androidx.lifecycle.ProcessLifecycleInitializer"
222-->[androidx.lifecycle:lifecycle-process:2.7.0] AndroidManifest.xml:30:17-78
223                android:value="androidx.startup" />
223-->[androidx.lifecycle:lifecycle-process:2.7.0] AndroidManifest.xml:31:17-49
224            <meta-data
224-->[androidx.profileinstaller:profileinstaller:1.3.1] AndroidManifest.xml:29:13-31:52
225                android:name="androidx.profileinstaller.ProfileInstallerInitializer"
225-->[androidx.profileinstaller:profileinstaller:1.3.1] AndroidManifest.xml:30:17-85
226                android:value="androidx.startup" />
226-->[androidx.profileinstaller:profileinstaller:1.3.1] AndroidManifest.xml:31:17-49
227        </provider>
228
229        <receiver
229-->[androidx.profileinstaller:profileinstaller:1.3.1] AndroidManifest.xml:34:9-52:20
230            android:name="androidx.profileinstaller.ProfileInstallReceiver"
230-->[androidx.profileinstaller:profileinstaller:1.3.1] AndroidManifest.xml:35:13-76
231            android:directBootAware="false"
231-->[androidx.profileinstaller:profileinstaller:1.3.1] AndroidManifest.xml:36:13-44
232            android:enabled="true"
232-->[androidx.profileinstaller:profileinstaller:1.3.1] AndroidManifest.xml:37:13-35
233            android:exported="true"
233-->[androidx.profileinstaller:profileinstaller:1.3.1] AndroidManifest.xml:38:13-36
234            android:permission="android.permission.DUMP" >
234-->[androidx.profileinstaller:profileinstaller:1.3.1] AndroidManifest.xml:39:13-57
235            <intent-filter>
235-->[androidx.profileinstaller:profileinstaller:1.3.1] AndroidManifest.xml:40:13-42:29
236                <action android:name="androidx.profileinstaller.action.INSTALL_PROFILE" />
236-->[androidx.profileinstaller:profileinstaller:1.3.1] AndroidManifest.xml:41:17-91
236-->[androidx.profileinstaller:profileinstaller:1.3.1] AndroidManifest.xml:41:25-88
237            </intent-filter>
238            <intent-filter>
238-->[androidx.profileinstaller:profileinstaller:1.3.1] AndroidManifest.xml:43:13-45:29
239                <action android:name="androidx.profileinstaller.action.SKIP_FILE" />
239-->[androidx.profileinstaller:profileinstaller:1.3.1] AndroidManifest.xml:44:17-85
239-->[androidx.profileinstaller:profileinstaller:1.3.1] AndroidManifest.xml:44:25-82
240            </intent-filter>
241            <intent-filter>
241-->[androidx.profileinstaller:profileinstaller:1.3.1] AndroidManifest.xml:46:13-48:29
242                <action android:name="androidx.profileinstaller.action.SAVE_PROFILE" />
242-->[androidx.profileinstaller:profileinstaller:1.3.1] AndroidManifest.xml:47:17-88
242-->[androidx.profileinstaller:profileinstaller:1.3.1] AndroidManifest.xml:47:25-85
243            </intent-filter>
244            <intent-filter>
244-->[androidx.profileinstaller:profileinstaller:1.3.1] AndroidManifest.xml:49:13-51:29
245                <action android:name="androidx.profileinstaller.action.BENCHMARK_OPERATION" />
245-->[androidx.profileinstaller:profileinstaller:1.3.1] AndroidManifest.xml:50:17-95
245-->[androidx.profileinstaller:profileinstaller:1.3.1] AndroidManifest.xml:50:25-92
246            </intent-filter>
247        </receiver>
248    </application>
249
250</manifest>